<?xml version="1.0" encoding="utf-8"?>
<?AutomationStudio Version="4.5.2.102"?>
<Objects>
  <Object
    Path="C:\projects\prac4\Logical\Package.pkg"
    LogicalPath=""
    Type="Package.ParentUnknown"
    LastWriteTime="132944937321860931" />
  <Object
    Path="C:\projects\prac4\Logical\Global.typ"
    LogicalPath="Global.typ"
    Type="File"
    LastWriteTime="132932798925506827"
    Private="false" />
  <Object
    Path="C:\projects\prac4\Logical\Global.var"
    LogicalPath="Global.var"
    Type="File"
    LastWriteTime="132956754283883707"
    Private="false" />
  <Object
    Path="C:\projects\prac4\Logical\Libraries\Package.pkg"
    LogicalPath="Libraries"
    Type="Package"
    LastWriteTime="132932839338394506" />
  <Object
    Path="C:\projects\prac4\Logical\Libraries\operator\binary.lby"
    LogicalPath="Libraries.operator"
    Type="Library"
    LastWriteTime="132932798933317210" />
  <Object
    Path="C:\projects\prac4\Logical\Libraries\operator\operator.fun"
    LogicalPath="Libraries.operator.operator.fun"
    Type="File"
    LastWriteTime="132932798933160993"
    Private="false" />
  <Object
    Path="C:\projects\prac4\Logical\Libraries\operator\operator.typ"
    LogicalPath="Libraries.operator.operator.typ"
    Type="File"
    LastWriteTime="132932798933160993"
    Private="false" />
  <Object
    Path="C:\projects\prac4\Logical\Libraries\operator\operator.var"
    LogicalPath="Libraries.operator.operator.var"
    Type="File"
    LastWriteTime="132932798933160993"
    Private="false" />
  <Object
    Path="C:\projects\prac4\Logical\Libraries\runtime\binary.lby"
    LogicalPath="Libraries.runtime"
    Type="Library"
    LastWriteTime="132932798936753911" />
  <Object
    Path="C:\projects\prac4\Logical\Libraries\runtime\runtime.fun"
    LogicalPath="Libraries.runtime.runtime.fun"
    Type="File"
    LastWriteTime="132932798936597690"
    Private="false" />
  <Object
    Path="C:\projects\prac4\Logical\Libraries\runtime\runtime.typ"
    LogicalPath="Libraries.runtime.runtime.typ"
    Type="File"
    LastWriteTime="132932798936753911"
    Private="false" />
  <Object
    Path="C:\projects\prac4\Logical\Libraries\runtime\runtime.var"
    LogicalPath="Libraries.runtime.runtime.var"
    Type="File"
    LastWriteTime="132932798936753911"
    Private="false" />
  <Object
    Path="C:\projects\prac4\Logical\Libraries\astime\binary.lby"
    LogicalPath="Libraries.astime"
    Type="Library"
    LastWriteTime="132932798940190880" />
  <Object
    Path="C:\projects\prac4\Logical\Libraries\astime\astime.fun"
    LogicalPath="Libraries.astime.astime.fun"
    Type="File"
    LastWriteTime="132932798940034399"
    Private="false" />
  <Object
    Path="C:\projects\prac4\Logical\Libraries\astime\astime.typ"
    LogicalPath="Libraries.astime.astime.typ"
    Type="File"
    LastWriteTime="132932798940034399"
    Private="false" />
  <Object
    Path="C:\projects\prac4\Logical\Libraries\astime\astime.var"
    LogicalPath="Libraries.astime.astime.var"
    Type="File"
    LastWriteTime="132932798940190880"
    Private="false" />
  <Object
    Path="C:\projects\prac4\Logical\Libraries\AsIecCon\binary.lby"
    LogicalPath="Libraries.AsIecCon"
    Type="Library"
    LastWriteTime="132932798943627298" />
  <Object
    Path="C:\projects\prac4\Logical\Libraries\AsIecCon\AsIecCon.fun"
    LogicalPath="Libraries.AsIecCon.AsIecCon.fun"
    Type="File"
    LastWriteTime="132932798943471082"
    Private="false" />
  <Object
    Path="C:\projects\prac4\Logical\Libraries\AsIecCon\AsIecCon.typ"
    LogicalPath="Libraries.AsIecCon.AsIecCon.typ"
    Type="File"
    LastWriteTime="132932798943471082"
    Private="false" />
  <Object
    Path="C:\projects\prac4\Logical\Libraries\AsIecCon\AsIecCon.var"
    LogicalPath="Libraries.AsIecCon.AsIecCon.var"
    Type="File"
    LastWriteTime="132932798943627298"
    Private="false" />
  <Object
    Path="C:\projects\prac4\Logical\Libraries\Acp10man\Binary.lby"
    LogicalPath="Libraries.Acp10man"
    Type="Library"
    LastWriteTime="132932801691242403" />
  <Object
    Path="C:\projects\prac4\Logical\Libraries\Acp10man\Acp10man.typ"
    LogicalPath="Libraries.Acp10man.Acp10man.typ"
    Type="File"
    LastWriteTime="132932801691211842"
    Private="false" />
  <Object
    Path="C:\projects\prac4\Logical\Libraries\Acp10par\Binary.lby"
    LogicalPath="Libraries.Acp10par"
    Type="Library"
    LastWriteTime="132932801692023483" />
  <Object
    Path="C:\projects\prac4\Logical\Libraries\Acp10par\Acp10par.var"
    LogicalPath="Libraries.Acp10par.Acp10par.var"
    Type="File"
    LastWriteTime="132932801692023483"
    Private="false" />
  <Object
    Path="C:\projects\prac4\Logical\Libraries\NcGlobal\Binary.lby"
    LogicalPath="Libraries.NcGlobal"
    Type="Library"
    LastWriteTime="132932801692492115" />
  <Object
    Path="C:\projects\prac4\Logical\Libraries\NcGlobal\NcGlobal.fun"
    LogicalPath="Libraries.NcGlobal.NcGlobal.fun"
    Type="File"
    LastWriteTime="132932801692335898"
    Private="false" />
  <Object
    Path="C:\projects\prac4\Logical\Libraries\NcGlobal\NcGlobal.typ"
    LogicalPath="Libraries.NcGlobal.NcGlobal.typ"
    Type="File"
    LastWriteTime="132932801692335898"
    Private="false" />
  <Object
    Path="C:\projects\prac4\Logical\Libraries\NcGlobal\NcGlobal.var"
    LogicalPath="Libraries.NcGlobal.NcGlobal.var"
    Type="File"
    LastWriteTime="132932801692492115"
    Private="false" />
  <Object
    Path="C:\projects\prac4\Logical\Libraries\Acp10sdc\binary.lby"
    LogicalPath="Libraries.Acp10sdc"
    Type="Library"
    LastWriteTime="132932805578485549" />
  <Object
    Path="C:\projects\prac4\Logical\Libraries\Acp10sdc\acp10sdc.var"
    LogicalPath="Libraries.Acp10sdc.acp10sdc.var"
    Type="File"
    LastWriteTime="132932805578329336"
    Private="false" />
  <Object
    Path="C:\projects\prac4\Logical\Libraries\Acp10sdc\acp10sdc.typ"
    LogicalPath="Libraries.Acp10sdc.acp10sdc.typ"
    Type="File"
    LastWriteTime="132932805578329336"
    Private="false" />
  <Object
    Path="C:\projects\prac4\Logical\Libraries\Acp10_MC\binary.lby"
    LogicalPath="Libraries.Acp10_MC"
    Type="Library"
    LastWriteTime="132932805586764849" />
  <Object
    Path="C:\projects\prac4\Logical\Libraries\Acp10_MC\acp10_mc.fun"
    LogicalPath="Libraries.Acp10_MC.acp10_mc.fun"
    Type="File"
    LastWriteTime="132932805586608685"
    Private="false" />
  <Object
    Path="C:\projects\prac4\Logical\Libraries\Acp10_MC\acp10_mc.typ"
    LogicalPath="Libraries.Acp10_MC.acp10_mc.typ"
    Type="File"
    LastWriteTime="132932805586764849"
    Private="false" />
  <Object
    Path="C:\projects\prac4\Logical\Libraries\Acp10_MC\acp10_mc.var"
    LogicalPath="Libraries.Acp10_MC.acp10_mc.var"
    Type="File"
    LastWriteTime="132932805586764849"
    Private="false" />
  <Object
    Path="C:\projects\prac4\Logical\Libraries\brsystem\binary.lby"
    LogicalPath="Libraries.brsystem"
    Type="Library"
    LastWriteTime="132932805587545643" />
  <Object
    Path="C:\projects\prac4\Logical\Libraries\brsystem\brsystem.fun"
    LogicalPath="Libraries.brsystem.brsystem.fun"
    Type="File"
    LastWriteTime="132932805587389667"
    Private="false" />
  <Object
    Path="C:\projects\prac4\Logical\Libraries\brsystem\brsystem.typ"
    LogicalPath="Libraries.brsystem.brsystem.typ"
    Type="File"
    LastWriteTime="132932805587389667"
    Private="false" />
  <Object
    Path="C:\projects\prac4\Logical\Libraries\brsystem\brsystem.var"
    LogicalPath="Libraries.brsystem.brsystem.var"
    Type="File"
    LastWriteTime="132932805587545643"
    Private="false" />
  <Object
    Path="C:\projects\prac4\Logical\Libraries\sys_lib\binary.lby"
    LogicalPath="Libraries.sys_lib"
    Type="Library"
    LastWriteTime="132932805588170498" />
  <Object
    Path="C:\projects\prac4\Logical\Libraries\sys_lib\sys_lib.fun"
    LogicalPath="Libraries.sys_lib.sys_lib.fun"
    Type="File"
    LastWriteTime="132932805588014289"
    Private="false" />
  <Object
    Path="C:\projects\prac4\Logical\Libraries\sys_lib\sys_lib.typ"
    LogicalPath="Libraries.sys_lib.sys_lib.typ"
    Type="File"
    LastWriteTime="132932805588014289"
    Private="false" />
  <Object
    Path="C:\projects\prac4\Logical\Libraries\sys_lib\sys_lib.var"
    LogicalPath="Libraries.sys_lib.sys_lib.var"
    Type="File"
    LastWriteTime="132932805588170498"
    Private="false" />
  <Object
    Path="C:\projects\prac4\Logical\Libraries\AsBrStr\binary.lby"
    LogicalPath="Libraries.AsBrStr"
    Type="Library"
    LastWriteTime="132932805603010783" />
  <Object
    Path="C:\projects\prac4\Logical\Libraries\AsBrStr\AsBrStr.fun"
    LogicalPath="Libraries.AsBrStr.AsBrStr.fun"
    Type="File"
    LastWriteTime="132932805603010783"
    Private="false" />
  <Object
    Path="C:\projects\prac4\Logical\Libraries\AsBrStr\AsBrStr.typ"
    LogicalPath="Libraries.AsBrStr.AsBrStr.typ"
    Type="File"
    LastWriteTime="132932805603010783"
    Private="false" />
  <Object
    Path="C:\projects\prac4\Logical\Libraries\AsBrStr\AsBrStr.var"
    LogicalPath="Libraries.AsBrStr.AsBrStr.var"
    Type="File"
    LastWriteTime="132932805603010783"
    Private="false" />
  <Object
    Path="C:\projects\prac4\Logical\Libraries\Library\ANSIC.lby"
    LogicalPath="Libraries.Library"
    Type="Library"
    LastWriteTime="132920778325358566" />
  <Object
    Path="C:\projects\prac4\Logical\Libraries\Library\Types.typ"
    LogicalPath="Libraries.Library.Types.typ"
    Type="File"
    LastWriteTime="132920776294549062"
    Private="false" />
  <Object
    Path="C:\projects\prac4\Logical\Libraries\Library\Constants.var"
    LogicalPath="Libraries.Library.Constants.var"
    Type="File"
    LastWriteTime="132920792003608106"
    Private="false" />
  <Object
    Path="C:\projects\prac4\Logical\Libraries\Library\Library.fun"
    LogicalPath="Libraries.Library.Library.fun"
    Type="File"
    LastWriteTime="132920792005089079"
    Private="false" />
  <Object
    Path="C:\projects\prac4\Logical\Libraries\Library\drive.c"
    LogicalPath="Libraries.Library.drive.c"
    Type="File"
    LastWriteTime="132944922226040297"
    Private="false" />
  <Object
    Path="C:\projects\prac4\Logical\ncsdcctrl\IEC.prg"
    LogicalPath="ncsdcctrl"
    Type="Program"
    LastWriteTime="132932805567261792" />
  <Object
    Path="C:\projects\prac4\Logical\ncsdcctrl\ncsdcctrlCyclic.st"
    LogicalPath="ncsdcctrl.ncsdcctrlCyclic.st"
    Type="File"
    LastWriteTime="132944937308426673"
    Private="false" />
  <Object
    Path="C:\projects\prac4\Logical\ncsdcctrl\ncsdcctrlInit.st"
    LogicalPath="ncsdcctrl.ncsdcctrlInit.st"
    Type="File"
    LastWriteTime="132944937308426673"
    Private="false" />
  <Object
    Path="C:\projects\prac4\Logical\ncsdcctrl\ncsdcctrl.typ"
    LogicalPath="ncsdcctrl.ncsdcctrl.typ"
    Type="File"
    LastWriteTime="132932805571479528"
    Private="true" />
  <Object
    Path="C:\projects\prac4\Logical\ncsdcctrl\ncsdcctrl.var"
    LogicalPath="ncsdcctrl.ncsdcctrl.var"
    Type="File"
    LastWriteTime="132932805692487682"
    Private="true" />
  <Object
    Path="C:\projects\prac4\Logical\acp10etxen\Ett.dob"
    LogicalPath="acp10etxen"
    Type="DataObject"
    LastWriteTime="132932805573799215" />
  <Object
    Path="C:\projects\prac4\Logical\acp10etxen\acp10etxen.ett"
    LogicalPath="acp10etxen.acp10etxen.ett"
    Type="File"
    LastWriteTime="132932805574579925"
    Private="false" />
  <Object
    Path="C:\projects\prac4\Logical\gAxis01obj\Package.pkg"
    LogicalPath="gAxis01obj"
    Type="Package"
    LastWriteTime="132932805609824045" />
  <Object
    Path="C:\projects\prac4\Logical\gAxis01obj\gAxis01a\Apt.dob"
    LogicalPath="gAxis01obj.gAxis01a"
    Type="DataObject"
    LastWriteTime="132932805607228550" />
  <Object
    Path="C:\projects\prac4\Logical\gAxis01obj\gAxis01a\gAxis01a.apt"
    LogicalPath="gAxis01obj.gAxis01a.gAxis01a.apt"
    Type="File"
    LastWriteTime="132932805607683905"
    Private="false" />
  <Object
    Path="C:\projects\prac4\Logical\gAxis01obj\gAxis01i\Ax.dob"
    LogicalPath="gAxis01obj.gAxis01i"
    Type="DataObject"
    LastWriteTime="132932805608319201" />
  <Object
    Path="C:\projects\prac4\Logical\gAxis01obj\gAxis01i\gAxis01i.ax"
    LogicalPath="gAxis01obj.gAxis01i.gAxis01i.ax"
    Type="File"
    LastWriteTime="132932805609594985"
    Private="false" />
  <Object
    Path="C:\projects\prac4\Logical\gAxis02obj\Package.pkg"
    LogicalPath="gAxis02obj"
    Type="Package"
    LastWriteTime="132932805684877278" />
  <Object
    Path="C:\projects\prac4\Logical\gAxis02obj\gAxis02a\Apt.dob"
    LogicalPath="gAxis02obj.gAxis02a"
    Type="DataObject"
    LastWriteTime="132932805682784340" />
  <Object
    Path="C:\projects\prac4\Logical\gAxis02obj\gAxis02a\gAxis02a.apt"
    LogicalPath="gAxis02obj.gAxis02a.gAxis02a.apt"
    Type="File"
    LastWriteTime="132932805682978406"
    Private="false" />
  <Object
    Path="C:\projects\prac4\Logical\gAxis02obj\gAxis02i\Ax.dob"
    LogicalPath="gAxis02obj.gAxis02i"
    Type="DataObject"
    LastWriteTime="132932805683547432" />
  <Object
    Path="C:\projects\prac4\Logical\gAxis02obj\gAxis02i\gAxis02i.ax"
    LogicalPath="gAxis02obj.gAxis02i.gAxis02i.ax"
    Type="File"
    LastWriteTime="132932805684665051"
    Private="false" />
  <Object
    Path="C:\projects\prac4\Logical\gAxis03obj\Package.pkg"
    LogicalPath="gAxis03obj"
    Type="Package"
    LastWriteTime="132932805918130037" />
  <Object
    Path="C:\projects\prac4\Logical\gAxis03obj\gAxis03a\Apt.dob"
    LogicalPath="gAxis03obj.gAxis03a"
    Type="DataObject"
    LastWriteTime="132932805915977173" />
  <Object
    Path="C:\projects\prac4\Logical\gAxis03obj\gAxis03a\gAxis03a.apt"
    LogicalPath="gAxis03obj.gAxis03a.gAxis03a.apt"
    Type="File"
    LastWriteTime="132932805916200569"
    Private="false" />
  <Object
    Path="C:\projects\prac4\Logical\gAxis03obj\gAxis03i\Ax.dob"
    LogicalPath="gAxis03obj.gAxis03i"
    Type="DataObject"
    LastWriteTime="132932805916866513" />
  <Object
    Path="C:\projects\prac4\Logical\gAxis03obj\gAxis03i\gAxis03i.ax"
    LogicalPath="gAxis03obj.gAxis03i.gAxis03i.ax"
    Type="File"
    LastWriteTime="132932805917930526"
    Private="false" />
  <Object
    Path="C:\projects\prac4\Logical\Visu\Vc.dob"
    LogicalPath="Visu"
    Type="DataObject"
    LastWriteTime="132932806736819387" />
  <Object
    Path="C:\projects\prac4\Logical\Visu\VCObject.vc"
    LogicalPath="Visu.VCObject.vc"
    Type="File"
    LastWriteTime="132932806736663159"
    Private="false" />
  <Object
    Path="C:\projects\prac4\Logical\Program\ANSIC.prg"
    LogicalPath="Program"
    Type="Program"
    LastWriteTime="132932833591874607" />
  <Object
    Path="C:\projects\prac4\Logical\Program\Main.c"
    LogicalPath="Program.Main.c"
    Type="File"
    LastWriteTime="132944919303704726"
    Private="false" />
  <Object
    Path="C:\projects\prac4\Logical\Program\Types.typ"
    LogicalPath="Program.Types.typ"
    Type="File"
    LastWriteTime="132932833591874607"
    Private="true" />
  <Object
    Path="C:\projects\prac4\Logical\Program\Variables.var"
    LogicalPath="Program.Variables.var"
    Type="File"
    LastWriteTime="132932846837414191"
    Private="true" />
  <Object
    Path="C:\projects\prac4\Logical\Program1\ANSIC.prg"
    LogicalPath="Program1"
    Type="Program"
    LastWriteTime="132932841313071978" />
  <Object
    Path="C:\projects\prac4\Logical\Program1\Main.c"
    LogicalPath="Program1.Main.c"
    Type="File"
    LastWriteTime="132944925316357915"
    Private="false" />
  <Object
    Path="C:\projects\prac4\Logical\Program1\Types.typ"
    LogicalPath="Program1.Types.typ"
    Type="File"
    LastWriteTime="132932841312916041"
    Private="true" />
  <Object
    Path="C:\projects\prac4\Logical\Program1\Variables.var"
    LogicalPath="Program1.Variables.var"
    Type="File"
    LastWriteTime="132944931344619281"
    Private="true" />
  <Object
    Path="C:\projects\prac4\Logical\gAxis04obj\Package.pkg"
    LogicalPath="gAxis04obj"
    Type="Package"
    LastWriteTime="132944937335607725" />
  <Object
    Path="C:\projects\prac4\Logical\gAxis04obj\gAxis04a\Apt.dob"
    LogicalPath="gAxis04obj.gAxis04a"
    Type="DataObject"
    LastWriteTime="132944937328109474" />
  <Object
    Path="C:\projects\prac4\Logical\gAxis04obj\gAxis04a\gAxis04a.apt"
    LogicalPath="gAxis04obj.gAxis04a.gAxis04a.apt"
    Type="File"
    LastWriteTime="132944937332483729"
    Private="false" />
  <Object
    Path="C:\projects\prac4\Logical\gAxis04obj\gAxis04i\Ax.dob"
    LogicalPath="gAxis04obj.gAxis04i"
    Type="DataObject"
    LastWriteTime="132944937333264790" />
  <Object
    Path="C:\projects\prac4\Logical\gAxis04obj\gAxis04i\gAxis04i.ax"
    LogicalPath="gAxis04obj.gAxis04i.gAxis04i.ax"
    Type="File"
    LastWriteTime="132944937335451504"
    Private="false" />
  <Object
    Path="C:\projects\prac4\Physical\Config1\Config.pkg"
    LogicalPath="Config1"
    Type="Configuration.ParentUnknown"
    LastWriteTime="132932798976226407" />
  <Object
    Path="C:\projects\prac4\Physical\Config1\Hardware.hw"
    LogicalPath="Config1.Hardware.hw"
    Type="File"
    LastWriteTime="132956768044880451"
    Private="false" />
  <Object
    Path="C:\projects\prac4\Physical\Config1\Hardware.hwl"
    LogicalPath="Config1.Hardware.hwl"
    Type="File"
    LastWriteTime="132944939361453800"
    Private="false" />
  <Object
    Path="C:\projects\prac4\Physical\Config1\4PP065_0571_P74\Cpu.pkg"
    LogicalPath="Config1.4PP065_0571_P74"
    Type="Cpu"
    LastWriteTime="132932845635510271" />
  <Object
    Path="C:\projects\prac4\Physical\Config1\4PP065_0571_P74\Cpu.sw"
    LogicalPath="Config1.4PP065_0571_P74.Cpu.sw"
    Type="File"
    LastWriteTime="132944937336076357"
    Private="false" />
  <Object
    Path="C:\projects\prac4\Physical\Config1\4PP065_0571_P74\Cpu.per"
    LogicalPath="Config1.4PP065_0571_P74.Cpu.per"
    Type="File"
    LastWriteTime="132932798947688855"
    Private="false" />
  <Object
    Path="C:\projects\prac4\Physical\Config1\4PP065_0571_P74\IoMap.iom"
    LogicalPath="Config1.4PP065_0571_P74.IoMap.iom"
    Type="File"
    LastWriteTime="132956755662217547"
    Private="false" />
  <Object
    Path="C:\projects\prac4\Physical\Config1\4PP065_0571_P74\PvMap.vvm"
    LogicalPath="Config1.4PP065_0571_P74.PvMap.vvm"
    Type="File"
    LastWriteTime="132932798948001281"
    Private="false" />
  <Object
    Path="C:\projects\prac4\Physical\Config1\4PP065_0571_P74\Connectivity\Package.pkg"
    LogicalPath="Config1.4PP065_0571_P74.Connectivity"
    Type="Package"
    LastWriteTime="132932798949407493" />
  <Object
    Path="C:\projects\prac4\Physical\Config1\4PP065_0571_P74\Connectivity\OpcUA\Package.pkg"
    LogicalPath="Config1.4PP065_0571_P74.Connectivity.OpcUA"
    Type="Package"
    LastWriteTime="132932798949251261" />
  <Object
    Path="C:\projects\prac4\Physical\Config1\4PP065_0571_P74\TextSystem\Package.pkg"
    LogicalPath="Config1.4PP065_0571_P74.TextSystem"
    Type="Package"
    LastWriteTime="132932798949407493" />
  <Object
    Path="C:\projects\prac4\Physical\Config1\4PP065_0571_P74\UnitSystem\Package.pkg"
    LogicalPath="Config1.4PP065_0571_P74.UnitSystem"
    Type="Package"
    LastWriteTime="132932798949563423" />
  <Object
    Path="C:\projects\prac4\Physical\Config1\4PP065_0571_P74\AccessAndSecurity\Package.pkg"
    LogicalPath="Config1.4PP065_0571_P74.AccessAndSecurity"
    Type="Package"
    LastWriteTime="132932798950500995" />
  <Object
    Path="C:\projects\prac4\Physical\Config1\4PP065_0571_P74\AccessAndSecurity\UserRoleSystem\Package.pkg"
    LogicalPath="Config1.4PP065_0571_P74.AccessAndSecurity.UserRoleSystem"
    Type="Package"
    LastWriteTime="132932798949876117" />
  <Object
    Path="C:\projects\prac4\Physical\Config1\4PP065_0571_P74\AccessAndSecurity\UserRoleSystem\Role.role"
    LogicalPath="Config1.4PP065_0571_P74.AccessAndSecurity.UserRoleSystem.Role.role"
    Type="File"
    LastWriteTime="132932798949719904"
    Private="false" />
  <Object
    Path="C:\projects\prac4\Physical\Config1\4PP065_0571_P74\AccessAndSecurity\UserRoleSystem\User.user"
    LogicalPath="Config1.4PP065_0571_P74.AccessAndSecurity.UserRoleSystem.User.user"
    Type="File"
    LastWriteTime="132932798949876117"
    Private="false" />
  <Object
    Path="C:\projects\prac4\Physical\Config1\4PP065_0571_P74\AccessAndSecurity\CertificateStore\Package.pkg"
    LogicalPath="Config1.4PP065_0571_P74.AccessAndSecurity.CertificateStore"
    Type="Package"
    LastWriteTime="132932798950500995" />
  <Object
    Path="C:\projects\prac4\Physical\Config1\4PP065_0571_P74\AccessAndSecurity\CertificateStore\OwnCertificates\Package.pkg"
    LogicalPath="Config1.4PP065_0571_P74.AccessAndSecurity.CertificateStore.OwnCertificates"
    Type="Package"
    LastWriteTime="132932798950188554" />
  <Object
    Path="C:\projects\prac4\Physical\Config1\4PP065_0571_P74\AccessAndSecurity\CertificateStore\OwnCertificates\Certificates\Package.pkg"
    LogicalPath="Config1.4PP065_0571_P74.AccessAndSecurity.CertificateStore.OwnCertificates.Certificates"
    Type="Package"
    LastWriteTime="132932798950032338" />
  <Object
    Path="C:\projects\prac4\Physical\Config1\4PP065_0571_P74\AccessAndSecurity\CertificateStore\OwnCertificates\PrivateKeys\Package.pkg"
    LogicalPath="Config1.4PP065_0571_P74.AccessAndSecurity.CertificateStore.OwnCertificates.PrivateKeys"
    Type="Package"
    LastWriteTime="132932798950032338" />
  <Object
    Path="C:\projects\prac4\Physical\Config1\4PP065_0571_P74\AccessAndSecurity\CertificateStore\ThirdPartyCertificates\Package.pkg"
    LogicalPath="Config1.4PP065_0571_P74.AccessAndSecurity.CertificateStore.ThirdPartyCertificates"
    Type="Package"
    LastWriteTime="132932798950344760" />
  <Object
    Path="C:\projects\prac4\Physical\Config1\4PP065_0571_P74\AccessAndSecurity\CertificateStore\ThirdPartyCertificates\SoftwareCertificates\Package.pkg"
    LogicalPath="Config1.4PP065_0571_P74.AccessAndSecurity.CertificateStore.ThirdPartyCertificates.SoftwareCertificates"
    Type="Package"
    LastWriteTime="132932798950188554" />
  <Object
    Path="C:\projects\prac4\Physical\Config1\4PP065_0571_P74\AccessAndSecurity\CertificateStore\CertificateRevocationLists\Package.pkg"
    LogicalPath="Config1.4PP065_0571_P74.AccessAndSecurity.CertificateStore.CertificateRevocationLists"
    Type="Package"
    LastWriteTime="132932798950344760" />
  <Object
    Path="C:\projects\prac4\Physical\Config1\4PP065_0571_P74\AccessAndSecurity\CertificateStore\CertificateSigningRequests\Package.pkg"
    LogicalPath="Config1.4PP065_0571_P74.AccessAndSecurity.CertificateStore.CertificateSigningRequests"
    Type="Package"
    LastWriteTime="132932798950344760" />
  <Object
    Path="C:\projects\prac4\Physical\Config1\4PP065_0571_P74\AccessAndSecurity\TransportLayerSecurity\Package.pkg"
    LogicalPath="Config1.4PP065_0571_P74.AccessAndSecurity.TransportLayerSecurity"
    Type="Package"
    LastWriteTime="132932798950500995" />
  <Object
    Path="C:\projects\prac4\Physical\Config1\4PP065_0571_P74\mappControl\Package.pkg"
    LogicalPath="Config1.4PP065_0571_P74.mappControl"
    Type="Package"
    LastWriteTime="132932798950657205" />
  <Object
    Path="C:\projects\prac4\Physical\Config1\4PP065_0571_P74\mappMotion\Package.pkg"
    LogicalPath="Config1.4PP065_0571_P74.mappMotion"
    Type="Package"
    LastWriteTime="132932798950813127" />
  <Object
    Path="C:\projects\prac4\Physical\Config1\4PP065_0571_P74\mappServices\Package.pkg"
    LogicalPath="Config1.4PP065_0571_P74.mappServices"
    Type="Package"
    LastWriteTime="132932798950813127" />
  <Object
    Path="C:\projects\prac4\Physical\Config1\4PP065_0571_P74\mappView\Package.pkg"
    LogicalPath="Config1.4PP065_0571_P74.mappView"
    Type="Package"
    LastWriteTime="132932798950969616" />
  <Object
    Path="C:\projects\prac4\Physical\Config1\4PP065_0571_P74\mappCockpit\Package.pkg"
    LogicalPath="Config1.4PP065_0571_P74.mappCockpit"
    Type="Package"
    LastWriteTime="132932798951125829" />
  <Object
    Path="C:\projects\prac4\Physical\Config1\4PP065_0571_P74\Motion\Package.pkg"
    LogicalPath="Config1.4PP065_0571_P74.Motion"
    Type="Package"
    LastWriteTime="132932801701600158" />
  <Object
    Path="C:\projects\prac4\Physical\Config1\4PP065_0571_P74\Motion\Acp10map.ncm"
    LogicalPath="Config1.4PP065_0571_P74.Motion.Acp10map.ncm"
    Type="File"
    LastWriteTime="132944937320298801"
    Private="false" />
  <Object
    Path="C:\projects\prac4\Physical\Config1\4PP065_0571_P74\Motion\Acp10cfg.ncc"
    LogicalPath="Config1.4PP065_0571_P74.Motion.Acp10cfg.ncc"
    Type="File"
    LastWriteTime="132932805573642923"
    Private="false" />
  <Object
    Path="C:\projects\prac4\Physical\Config1\4PP065_0571_P74\Motion\Acp10sys.br"
    LogicalPath="Config1.4PP065_0571_P74.Motion.Acp10sys.br"
    Type="File"
    LastWriteTime="132932801702537436"
    Private="false" />
  <Object
    Path="C:\projects\prac4\Physical\Config1\Hardware.jpg"
    LogicalPath="Config1.Hardware.jpg"
    Type="File"
    LastWriteTime="132944966176060668"
    Private="false" />
</Objects>